<?xml version="1.0" encoding="UTF-8"?>
<!-- Generated by org.testng.reporters.JUnitReportReporter -->
<testsuite hostname="DESKTOP-1CN1EB2" failures="0" tests="2" name="runners.MainRunner" time="31.135" errors="0" timestamp="2025-01-01T14:13:43 EET" skipped="0">
  <testcase classname="runners.MainRunner" name="runScenario" time="16.986"/>
  <testcase classname="runners.MainRunner" name="runScenario" time="14.149"/>
</testsuite> <!-- runners.MainRunner -->
